WARNING:Bridge:Frontend dist directory not found at /Users/sakhi/Code/secure_federated_learning/Cybronites/dist
INFO flwr 2026-04-03 14:15:01,320 | app.py:148 | Starting Flower server, config: ServerConfig(num_rounds=20, round_timeout=None)
INFO:flwr:Starting Flower server, config: ServerConfig(num_rounds=20, round_timeout=None)
I0403 14:15:01.343910 1172664 fork_posix.cc:71] Other threads are currently calling into gRPC, skipping fork() handlers
INFO flwr 2026-04-03 14:15:01,349 | app.py:168 | Flower ECE: gRPC server running (20 rounds), SSL is disabled
INFO:flwr:Flower ECE: gRPC server running (20 rounds), SSL is disabled
INFO flwr 2026-04-03 14:15:01,352 | server.py:86 | Initializing global parameters
INFO:flwr:Initializing global parameters
INFO flwr 2026-04-03 14:15:01,353 | server.py:273 | Requesting initial parameters from one random client
INFO:flwr:Requesting initial parameters from one random client
I0403 14:15:01.367851 1172664 fork_posix.cc:71] Other threads are currently calling into gRPC, skipping fork() handlers
INFO:     Started server process [55133]
INFO:     Waiting for application startup.
INFO:Bridge:Bridge Event Loop captured.
INFO:     Application startup complete.
INFO:     Uvicorn running on http://0.0.0.0:7880 (Press CTRL+C to quit)
AI GUARDIAN | INITIALIZING SECURE FEDERATED ORCHESTRATOR...
AI GUARDIAN | Flower gRPC on port 8095
INFO:     127.0.0.1:52465 - "GET /status HTTP/1.1" 200 OK
INFO:Bridge:WS [REQUEST] Origin: http://localhost:5173 | Path: /bridge/ws
INFO:     127.0.0.1:52467 - "WebSocket /bridge/ws" [accepted]
INFO:     connection open
INFO:Bridge:WS [ESTABLISHED] Handshake accepted.
INFO:Bridge:WS [REQUEST] Origin: http://localhost:5173 | Path: /bridge/ws
INFO:     127.0.0.1:52469 - "WebSocket /bridge/ws" [accepted]
INFO:     connection open
INFO:Bridge:WS [ESTABLISHED] Handshake accepted.
WARNING:Bridge:Frontend dist directory not found at /Users/sakhi/Code/secure_federated_learning/Cybronites/dist
INFO flwr 2026-04-03 14:15:04,650 | grpc.py:50 | Opened insecure gRPC connection (no certificates were passed)
INFO:flwr:Opened insecure gRPC connection (no certificates were passed)
DEBUG flwr 2026-04-03 14:15:04,652 | connection.py:39 | ChannelConnectivity.IDLE
DEBUG:flwr:ChannelConnectivity.IDLE
DEBUG flwr 2026-04-03 14:15:04,652 | connection.py:39 | ChannelConnectivity.CONNECTING
DEBUG:flwr:ChannelConnectivity.CONNECTING
I0403 14:15:04.655002 1172787 fork_posix.cc:71] Other threads are currently calling into gRPC, skipping fork() handlers
DEBUG flwr 2026-04-03 14:15:04,659 | connection.py:39 | ChannelConnectivity.READY
DEBUG:flwr:ChannelConnectivity.READY
INFO flwr 2026-04-03 14:15:04,663 | server.py:277 | Received initial parameters from one random client
INFO:flwr:Received initial parameters from one random client
INFO flwr 2026-04-03 14:15:04,664 | server.py:88 | Evaluating initial parameters
INFO:flwr:Evaluating initial parameters
INFO flwr 2026-04-03 14:15:04,664 | server.py:101 | FL starting
INFO:flwr:FL starting
I0403 14:15:04.666331 1172787 fork_posix.cc:71] Other threads are currently calling into gRPC, skipping fork() handlers
WARNING:Bridge:Frontend dist directory not found at /Users/sakhi/Code/secure_federated_learning/Cybronites/dist
INFO flwr 2026-04-03 14:15:05,038 | grpc.py:50 | Opened insecure gRPC connection (no certificates were passed)
INFO:flwr:Opened insecure gRPC connection (no certificates were passed)
DEBUG flwr 2026-04-03 14:15:05,039 | connection.py:39 | ChannelConnectivity.IDLE
DEBUG:flwr:ChannelConnectivity.IDLE
DEBUG flwr 2026-04-03 14:15:05,040 | connection.py:39 | ChannelConnectivity.READY
DEBUG:flwr:ChannelConnectivity.READY
DEBUG flwr 2026-04-03 14:15:05,041 | server.py:218 | fit_round 1: strategy sampled 2 clients (out of 2)
DEBUG:flwr:fit_round 1: strategy sampled 2 clients (out of 2)
I0403 14:15:05.045517 1172871 fork_posix.cc:71] Other threads are currently calling into gRPC, skipping fork() handlers
I0403 14:15:05.058165 1172871 fork_posix.cc:71] Other threads are currently calling into gRPC, skipping fork() handlers
DEBUG flwr 2026-04-03 14:15:15,666 | server.py:232 | fit_round 1 received 2 results and 0 failures
DEBUG:flwr:fit_round 1 received 2 results and 0 failures
WARNING flwr 2026-04-03 14:15:15,705 | fedavg.py:243 | No fit_metrics_aggregation_fn provided
WARNING:flwr:No fit_metrics_aggregation_fn provided
DEBUG flwr 2026-04-03 14:15:15,706 | server.py:168 | evaluate_round 1: strategy sampled 2 clients (out of 2)
DEBUG:flwr:evaluate_round 1: strategy sampled 2 clients (out of 2)
DEBUG flwr 2026-04-03 14:15:17,204 | server.py:182 | evaluate_round 1 received 2 results and 0 failures
DEBUG:flwr:evaluate_round 1 received 2 results and 0 failures
WARNING flwr 2026-04-03 14:15:17,204 | fedavg.py:274 | No evaluate_metrics_aggregation_fn provided
WARNING:flwr:No evaluate_metrics_aggregation_fn provided
DEBUG flwr 2026-04-03 14:15:17,204 | server.py:218 | fit_round 2: strategy sampled 2 clients (out of 2)
DEBUG:flwr:fit_round 2: strategy sampled 2 clients (out of 2)
DEBUG flwr 2026-04-03 14:15:27,529 | server.py:232 | fit_round 2 received 2 results and 0 failures
DEBUG:flwr:fit_round 2 received 2 results and 0 failures
DEBUG flwr 2026-04-03 14:15:27,566 | server.py:168 | evaluate_round 2: strategy sampled 2 clients (out of 2)
DEBUG:flwr:evaluate_round 2: strategy sampled 2 clients (out of 2)
DEBUG flwr 2026-04-03 14:15:28,992 | server.py:182 | evaluate_round 2 received 2 results and 0 failures
DEBUG:flwr:evaluate_round 2 received 2 results and 0 failures
DEBUG flwr 2026-04-03 14:15:28,992 | server.py:218 | fit_round 3: strategy sampled 2 clients (out of 2)
DEBUG:flwr:fit_round 3: strategy sampled 2 clients (out of 2)
DEBUG flwr 2026-04-03 14:15:38,449 | server.py:232 | fit_round 3 received 2 results and 0 failures
DEBUG:flwr:fit_round 3 received 2 results and 0 failures
DEBUG flwr 2026-04-03 14:15:38,481 | server.py:168 | evaluate_round 3: strategy sampled 2 clients (out of 2)
DEBUG:flwr:evaluate_round 3: strategy sampled 2 clients (out of 2)
DEBUG flwr 2026-04-03 14:15:39,820 | server.py:182 | evaluate_round 3 received 2 results and 0 failures
DEBUG:flwr:evaluate_round 3 received 2 results and 0 failures
DEBUG flwr 2026-04-03 14:15:39,820 | server.py:218 | fit_round 4: strategy sampled 2 clients (out of 2)
DEBUG:flwr:fit_round 4: strategy sampled 2 clients (out of 2)
DEBUG flwr 2026-04-03 14:15:49,056 | server.py:232 | fit_round 4 received 2 results and 0 failures
DEBUG:flwr:fit_round 4 received 2 results and 0 failures
DEBUG flwr 2026-04-03 14:15:49,088 | server.py:168 | evaluate_round 4: strategy sampled 2 clients (out of 2)
DEBUG:flwr:evaluate_round 4: strategy sampled 2 clients (out of 2)
DEBUG flwr 2026-04-03 14:15:50,423 | server.py:182 | evaluate_round 4 received 2 results and 0 failures
DEBUG:flwr:evaluate_round 4 received 2 results and 0 failures
DEBUG flwr 2026-04-03 14:15:50,423 | server.py:218 | fit_round 5: strategy sampled 2 clients (out of 2)
DEBUG:flwr:fit_round 5: strategy sampled 2 clients (out of 2)
DEBUG flwr 2026-04-03 14:16:01,753 | server.py:232 | fit_round 5 received 2 results and 0 failures
DEBUG:flwr:fit_round 5 received 2 results and 0 failures
DEBUG flwr 2026-04-03 14:16:01,789 | server.py:168 | evaluate_round 5: strategy sampled 2 clients (out of 2)
DEBUG:flwr:evaluate_round 5: strategy sampled 2 clients (out of 2)
DEBUG flwr 2026-04-03 14:16:03,491 | server.py:182 | evaluate_round 5 received 2 results and 0 failures
DEBUG:flwr:evaluate_round 5 received 2 results and 0 failures
DEBUG flwr 2026-04-03 14:16:03,491 | server.py:218 | fit_round 6: strategy sampled 2 clients (out of 2)
DEBUG:flwr:fit_round 6: strategy sampled 2 clients (out of 2)
DEBUG flwr 2026-04-03 14:16:12,676 | server.py:232 | fit_round 6 received 2 results and 0 failures
DEBUG:flwr:fit_round 6 received 2 results and 0 failures
DEBUG flwr 2026-04-03 14:16:12,709 | server.py:168 | evaluate_round 6: strategy sampled 2 clients (out of 2)
DEBUG:flwr:evaluate_round 6: strategy sampled 2 clients (out of 2)
DEBUG flwr 2026-04-03 14:16:14,018 | server.py:182 | evaluate_round 6 received 2 results and 0 failures
DEBUG:flwr:evaluate_round 6 received 2 results and 0 failures
DEBUG flwr 2026-04-03 14:16:14,018 | server.py:218 | fit_round 7: strategy sampled 2 clients (out of 2)
DEBUG:flwr:fit_round 7: strategy sampled 2 clients (out of 2)
DEBUG flwr 2026-04-03 14:16:23,135 | server.py:232 | fit_round 7 received 2 results and 0 failures
DEBUG:flwr:fit_round 7 received 2 results and 0 failures
DEBUG flwr 2026-04-03 14:16:23,167 | server.py:168 | evaluate_round 7: strategy sampled 2 clients (out of 2)
DEBUG:flwr:evaluate_round 7: strategy sampled 2 clients (out of 2)
DEBUG flwr 2026-04-03 14:16:24,495 | server.py:182 | evaluate_round 7 received 2 results and 0 failures
DEBUG:flwr:evaluate_round 7 received 2 results and 0 failures
DEBUG flwr 2026-04-03 14:16:24,495 | server.py:218 | fit_round 8: strategy sampled 2 clients (out of 2)
DEBUG:flwr:fit_round 8: strategy sampled 2 clients (out of 2)
DEBUG flwr 2026-04-03 14:16:33,996 | server.py:232 | fit_round 8 received 2 results and 0 failures
DEBUG:flwr:fit_round 8 received 2 results and 0 failures
DEBUG flwr 2026-04-03 14:16:34,029 | server.py:168 | evaluate_round 8: strategy sampled 2 clients (out of 2)
DEBUG:flwr:evaluate_round 8: strategy sampled 2 clients (out of 2)
DEBUG flwr 2026-04-03 14:16:35,438 | server.py:182 | evaluate_round 8 received 2 results and 0 failures
DEBUG:flwr:evaluate_round 8 received 2 results and 0 failures
DEBUG flwr 2026-04-03 14:16:35,438 | server.py:218 | fit_round 9: strategy sampled 2 clients (out of 2)
DEBUG:flwr:fit_round 9: strategy sampled 2 clients (out of 2)
DEBUG flwr 2026-04-03 14:16:45,039 | server.py:232 | fit_round 9 received 2 results and 0 failures
DEBUG:flwr:fit_round 9 received 2 results and 0 failures
DEBUG flwr 2026-04-03 14:16:45,072 | server.py:168 | evaluate_round 9: strategy sampled 2 clients (out of 2)
DEBUG:flwr:evaluate_round 9: strategy sampled 2 clients (out of 2)
DEBUG flwr 2026-04-03 14:16:46,387 | server.py:182 | evaluate_round 9 received 2 results and 0 failures
DEBUG:flwr:evaluate_round 9 received 2 results and 0 failures
DEBUG flwr 2026-04-03 14:16:46,388 | server.py:218 | fit_round 10: strategy sampled 2 clients (out of 2)
DEBUG:flwr:fit_round 10: strategy sampled 2 clients (out of 2)
DEBUG flwr 2026-04-03 14:16:55,551 | server.py:232 | fit_round 10 received 2 results and 0 failures
DEBUG:flwr:fit_round 10 received 2 results and 0 failures
DEBUG flwr 2026-04-03 14:16:55,585 | server.py:168 | evaluate_round 10: strategy sampled 2 clients (out of 2)
DEBUG:flwr:evaluate_round 10: strategy sampled 2 clients (out of 2)
DEBUG flwr 2026-04-03 14:16:56,991 | server.py:182 | evaluate_round 10 received 2 results and 0 failures
DEBUG:flwr:evaluate_round 10 received 2 results and 0 failures
DEBUG flwr 2026-04-03 14:16:56,992 | server.py:218 | fit_round 11: strategy sampled 2 clients (out of 2)
DEBUG:flwr:fit_round 11: strategy sampled 2 clients (out of 2)
DEBUG flwr 2026-04-03 14:17:06,980 | server.py:232 | fit_round 11 received 2 results and 0 failures
DEBUG:flwr:fit_round 11 received 2 results and 0 failures
DEBUG flwr 2026-04-03 14:17:07,013 | server.py:168 | evaluate_round 11: strategy sampled 2 clients (out of 2)
DEBUG:flwr:evaluate_round 11: strategy sampled 2 clients (out of 2)
DEBUG flwr 2026-04-03 14:17:08,363 | server.py:182 | evaluate_round 11 received 2 results and 0 failures
DEBUG:flwr:evaluate_round 11 received 2 results and 0 failures
DEBUG flwr 2026-04-03 14:17:08,364 | server.py:218 | fit_round 12: strategy sampled 2 clients (out of 2)
DEBUG:flwr:fit_round 12: strategy sampled 2 clients (out of 2)
DEBUG flwr 2026-04-03 14:17:18,457 | server.py:232 | fit_round 12 received 2 results and 0 failures
DEBUG:flwr:fit_round 12 received 2 results and 0 failures
DEBUG flwr 2026-04-03 14:17:18,489 | server.py:168 | evaluate_round 12: strategy sampled 2 clients (out of 2)
DEBUG:flwr:evaluate_round 12: strategy sampled 2 clients (out of 2)
DEBUG flwr 2026-04-03 14:17:19,824 | server.py:182 | evaluate_round 12 received 2 results and 0 failures
DEBUG:flwr:evaluate_round 12 received 2 results and 0 failures
DEBUG flwr 2026-04-03 14:17:19,825 | server.py:218 | fit_round 13: strategy sampled 2 clients (out of 2)
DEBUG:flwr:fit_round 13: strategy sampled 2 clients (out of 2)
DEBUG flwr 2026-04-03 14:17:29,326 | server.py:232 | fit_round 13 received 2 results and 0 failures
DEBUG:flwr:fit_round 13 received 2 results and 0 failures
DEBUG flwr 2026-04-03 14:17:29,359 | server.py:168 | evaluate_round 13: strategy sampled 2 clients (out of 2)
DEBUG:flwr:evaluate_round 13: strategy sampled 2 clients (out of 2)
DEBUG flwr 2026-04-03 14:17:30,669 | server.py:182 | evaluate_round 13 received 2 results and 0 failures
DEBUG:flwr:evaluate_round 13 received 2 results and 0 failures
DEBUG flwr 2026-04-03 14:17:30,670 | server.py:218 | fit_round 14: strategy sampled 2 clients (out of 2)
DEBUG:flwr:fit_round 14: strategy sampled 2 clients (out of 2)
DEBUG flwr 2026-04-03 14:17:39,777 | server.py:232 | fit_round 14 received 2 results and 0 failures
DEBUG:flwr:fit_round 14 received 2 results and 0 failures
DEBUG flwr 2026-04-03 14:17:39,810 | server.py:168 | evaluate_round 14: strategy sampled 2 clients (out of 2)
DEBUG:flwr:evaluate_round 14: strategy sampled 2 clients (out of 2)
DEBUG flwr 2026-04-03 14:17:41,128 | server.py:182 | evaluate_round 14 received 2 results and 0 failures
DEBUG:flwr:evaluate_round 14 received 2 results and 0 failures
DEBUG flwr 2026-04-03 14:17:41,128 | server.py:218 | fit_round 15: strategy sampled 2 clients (out of 2)
DEBUG:flwr:fit_round 15: strategy sampled 2 clients (out of 2)
DEBUG flwr 2026-04-03 14:17:51,390 | server.py:232 | fit_round 15 received 2 results and 0 failures
DEBUG:flwr:fit_round 15 received 2 results and 0 failures
DEBUG flwr 2026-04-03 14:17:51,437 | server.py:168 | evaluate_round 15: strategy sampled 2 clients (out of 2)
DEBUG:flwr:evaluate_round 15: strategy sampled 2 clients (out of 2)
DEBUG flwr 2026-04-03 14:17:53,023 | server.py:182 | evaluate_round 15 received 2 results and 0 failures
DEBUG:flwr:evaluate_round 15 received 2 results and 0 failures
DEBUG flwr 2026-04-03 14:17:53,023 | server.py:218 | fit_round 16: strategy sampled 2 clients (out of 2)
DEBUG:flwr:fit_round 16: strategy sampled 2 clients (out of 2)
DEBUG flwr 2026-04-03 14:18:03,129 | server.py:232 | fit_round 16 received 2 results and 0 failures
DEBUG:flwr:fit_round 16 received 2 results and 0 failures
DEBUG flwr 2026-04-03 14:18:03,166 | server.py:168 | evaluate_round 16: strategy sampled 2 clients (out of 2)
DEBUG:flwr:evaluate_round 16: strategy sampled 2 clients (out of 2)
DEBUG flwr 2026-04-03 14:18:04,539 | server.py:182 | evaluate_round 16 received 2 results and 0 failures
DEBUG:flwr:evaluate_round 16 received 2 results and 0 failures
DEBUG flwr 2026-04-03 14:18:04,539 | server.py:218 | fit_round 17: strategy sampled 2 clients (out of 2)
DEBUG:flwr:fit_round 17: strategy sampled 2 clients (out of 2)
DEBUG flwr 2026-04-03 14:18:14,100 | server.py:232 | fit_round 17 received 2 results and 0 failures
DEBUG:flwr:fit_round 17 received 2 results and 0 failures
DEBUG flwr 2026-04-03 14:18:14,133 | server.py:168 | evaluate_round 17: strategy sampled 2 clients (out of 2)
DEBUG:flwr:evaluate_round 17: strategy sampled 2 clients (out of 2)
DEBUG flwr 2026-04-03 14:18:15,500 | server.py:182 | evaluate_round 17 received 2 results and 0 failures
DEBUG:flwr:evaluate_round 17 received 2 results and 0 failures
DEBUG flwr 2026-04-03 14:18:15,501 | server.py:218 | fit_round 18: strategy sampled 2 clients (out of 2)
DEBUG:flwr:fit_round 18: strategy sampled 2 clients (out of 2)
DEBUG flwr 2026-04-03 14:18:29,666 | server.py:232 | fit_round 18 received 2 results and 0 failures
DEBUG:flwr:fit_round 18 received 2 results and 0 failures
DEBUG flwr 2026-04-03 14:18:29,774 | server.py:168 | evaluate_round 18: strategy sampled 2 clients (out of 2)
DEBUG:flwr:evaluate_round 18: strategy sampled 2 clients (out of 2)
DEBUG flwr 2026-04-03 14:18:31,650 | server.py:182 | evaluate_round 18 received 2 results and 0 failures
DEBUG:flwr:evaluate_round 18 received 2 results and 0 failures
DEBUG flwr 2026-04-03 14:18:31,651 | server.py:218 | fit_round 19: strategy sampled 2 clients (out of 2)
DEBUG:flwr:fit_round 19: strategy sampled 2 clients (out of 2)
DEBUG flwr 2026-04-03 14:18:41,857 | server.py:232 | fit_round 19 received 2 results and 0 failures
DEBUG:flwr:fit_round 19 received 2 results and 0 failures
DEBUG flwr 2026-04-03 14:18:41,892 | server.py:168 | evaluate_round 19: strategy sampled 2 clients (out of 2)
DEBUG:flwr:evaluate_round 19: strategy sampled 2 clients (out of 2)
DEBUG flwr 2026-04-03 14:18:43,311 | server.py:182 | evaluate_round 19 received 2 results and 0 failures
DEBUG:flwr:evaluate_round 19 received 2 results and 0 failures
DEBUG flwr 2026-04-03 14:18:43,312 | server.py:218 | fit_round 20: strategy sampled 2 clients (out of 2)
DEBUG:flwr:fit_round 20: strategy sampled 2 clients (out of 2)
DEBUG flwr 2026-04-03 14:18:54,311 | server.py:232 | fit_round 20 received 2 results and 0 failures
DEBUG:flwr:fit_round 20 received 2 results and 0 failures
DEBUG flwr 2026-04-03 14:18:54,346 | server.py:168 | evaluate_round 20: strategy sampled 2 clients (out of 2)
DEBUG:flwr:evaluate_round 20: strategy sampled 2 clients (out of 2)
DEBUG flwr 2026-04-03 14:18:55,769 | server.py:182 | evaluate_round 20 received 2 results and 0 failures
DEBUG:flwr:evaluate_round 20 received 2 results and 0 failures
INFO flwr 2026-04-03 14:18:55,769 | server.py:147 | FL finished in 231.14134425
INFO:flwr:FL finished in 231.14134425
INFO flwr 2026-04-03 14:18:55,769 | app.py:218 | app_fit: losses_distributed [(1, 0.1368260383605957), (2, 0.08593536913394928), (3, 0.0654960498213768), (4, 0.05850352346897125), (5, 0.05360497534275055), (6, 0.0570102296769619), (7, 0.048533517867326736), (8, 0.05012020841240883), (9, 0.04468047246336937), (10, 0.043234147131443024), (11, 0.04558916017413139), (12, 0.04164885729551315), (13, 0.04296204447746277), (14, 0.041828058660030365), (15, 0.04269237816333771), (16, 0.03935203701257706), (17, 0.035732585936784744), (18, 0.036585696041584015), (19, 0.041866201907396317), (20, 0.03813108056783676)]
INFO:flwr:app_fit: losses_distributed [(1, 0.1368260383605957), (2, 0.08593536913394928), (3, 0.0654960498213768), (4, 0.05850352346897125), (5, 0.05360497534275055), (6, 0.0570102296769619), (7, 0.048533517867326736), (8, 0.05012020841240883), (9, 0.04468047246336937), (10, 0.043234147131443024), (11, 0.04558916017413139), (12, 0.04164885729551315), (13, 0.04296204447746277), (14, 0.041828058660030365), (15, 0.04269237816333771), (16, 0.03935203701257706), (17, 0.035732585936784744), (18, 0.036585696041584015), (19, 0.041866201907396317), (20, 0.03813108056783676)]
INFO flwr 2026-04-03 14:18:55,770 | app.py:219 | app_fit: metrics_distributed_fit {}
INFO:flwr:app_fit: metrics_distributed_fit {}
INFO flwr 2026-04-03 14:18:55,770 | app.py:220 | app_fit: metrics_distributed {}
INFO:flwr:app_fit: metrics_distributed {}
INFO flwr 2026-04-03 14:18:55,770 | app.py:221 | app_fit: losses_centralized []
INFO:flwr:app_fit: losses_centralized []
INFO flwr 2026-04-03 14:18:55,770 | app.py:222 | app_fit: metrics_centralized {}
INFO:flwr:app_fit: metrics_centralized {}
DEBUG flwr 2026-04-03 14:18:55,791 | connection.py:113 | gRPC channel closed
DEBUG flwr 2026-04-03 14:18:55,791 | connection.py:113 | gRPC channel closed
DEBUG:flwr:gRPC channel closed
DEBUG:flwr:gRPC channel closed
INFO flwr 2026-04-03 14:18:55,792 | app.py:185 | Disconnect and shut down
INFO:flwr:Disconnect and shut down
INFO flwr 2026-04-03 14:18:55,792 | app.py:185 | Disconnect and shut down
INFO:flwr:Disconnect and shut down
AI GUARDIAN | STARTING CLIENT 0...
Client 0 | Round starting training...
Client 0 | Round evaluation -> Accuracy: 0.9645
Client 0 | Round starting training...
Client 0 | Round evaluation -> Accuracy: 0.9745
Client 0 | Round starting training...
Client 0 | Round evaluation -> Accuracy: 0.9789
Client 0 | Round starting training...
Client 0 | Round evaluation -> Accuracy: 0.9817
Client 0 | Round starting training...
Client 0 | Round evaluation -> Accuracy: 0.9828
Client 0 | Round starting training...
Client 0 | Round evaluation -> Accuracy: 0.9826
Client 0 | Round starting training...
Client 0 | Round evaluation -> Accuracy: 0.9854
Client 0 | Round starting training...
Client 0 | Round evaluation -> Accuracy: 0.9848
Client 0 | Round starting training...
Client 0 | Round evaluation -> Accuracy: 0.9860
Client 0 | Round starting training...
Client 0 | Round evaluation -> Accuracy: 0.9871
Client 0 | Round starting training...
Client 0 | Round evaluation -> Accuracy: 0.9858
Client 0 | Round starting training...
Client 0 | Round evaluation -> Accuracy: 0.9872
Client 0 | Round starting training...
Client 0 | Round evaluation -> Accuracy: 0.9863
Client 0 | Round starting training...
Client 0 | Round evaluation -> Accuracy: 0.9877
Client 0 | Round starting training...
Client 0 | Round evaluation -> Accuracy: 0.9863
Client 0 | Round starting training...
Client 0 | Round evaluation -> Accuracy: 0.9873
Client 0 | Round starting training...
Client 0 | Round evaluation -> Accuracy: 0.9880
Client 0 | Round starting training...
Client 0 | Round evaluation -> Accuracy: 0.9895
Client 0 | Round starting training...
Client 0 | Round evaluation -> Accuracy: 0.9871
Client 0 | Round starting training...
Client 0 | Round evaluation -> Accuracy: 0.9885
AI GUARDIAN | STARTING CLIENT 1...
Client 1 | Round starting training...
Client 1 | Round evaluation -> Accuracy: 0.9645
Client 1 | Round starting training...
Client 1 | Round evaluation -> Accuracy: 0.9745
Client 1 | Round starting training...
Client 1 | Round evaluation -> Accuracy: 0.9789
Client 1 | Round starting training...
Client 1 | Round evaluation -> Accuracy: 0.9817
Client 1 | Round starting training...
Client 1 | Round evaluation -> Accuracy: 0.9828
Client 1 | Round starting training...
Client 1 | Round evaluation -> Accuracy: 0.9826
Client 1 | Round starting training...
Client 1 | Round evaluation -> Accuracy: 0.9854
Client 1 | Round starting training...
Client 1 | Round evaluation -> Accuracy: 0.9848
Client 1 | Round starting training...
Client 1 | Round evaluation -> Accuracy: 0.9860
Client 1 | Round starting training...
Client 1 | Round evaluation -> Accuracy: 0.9871
Client 1 | Round starting training...
Client 1 | Round evaluation -> Accuracy: 0.9858
Client 1 | Round starting training...
Client 1 | Round evaluation -> Accuracy: 0.9872
Client 1 | Round starting training...
Client 1 | Round evaluation -> Accuracy: 0.9863
Client 1 | Round starting training...
Client 1 | Round evaluation -> Accuracy: 0.9877
Client 1 | Round starting training...
Client 1 | Round evaluation -> Accuracy: 0.9863
Client 1 | Round starting training...
Client 1 | Round evaluation -> Accuracy: 0.9873
Client 1 | Round starting training...
Client 1 | Round evaluation -> Accuracy: 0.9880
Client 1 | Round starting training...
Client 1 | Round evaluation -> Accuracy: 0.9895
Client 1 | Round starting training...
Client 1 | Round evaluation -> Accuracy: 0.9871
Client 1 | Round starting training...
Client 1 | Round evaluation -> Accuracy: 0.9885
INFO:Bridge:WS [REQUEST] Origin: http://localhost:5173 | Path: /bridge/ws
INFO:     127.0.0.1:52519 - "WebSocket /bridge/ws" [accepted]
INFO:     connection closed
ERROR:    Exception in ASGI application
Traceback (most recent call last):
  File "/Users/sakhi/Code/secure_federated_learning/Cybronites/venv_mac/lib/python3.9/site-packages/uvicorn/protocols/websockets/websockets_impl.py", line 329, in asgi_send
    await self.send(data)  # type: ignore[arg-type]
  File "/Users/sakhi/Code/secure_federated_learning/Cybronites/venv_mac/lib/python3.9/site-packages/websockets/legacy/protocol.py", line 620, in send
    await self.ensure_open()
  File "/Users/sakhi/Code/secure_federated_learning/Cybronites/venv_mac/lib/python3.9/site-packages/websockets/legacy/protocol.py", line 921, in ensure_open
    raise self.connection_closed_exc()
websockets.exceptions.ConnectionClosedError: no close frame received or sent

The above exception was the direct cause of the following exception:

Traceback (most recent call last):
  File "/Users/sakhi/Code/secure_federated_learning/Cybronites/venv_mac/lib/python3.9/site-packages/starlette/websockets.py", line 86, in send
    await self._send(message)
  File "/Users/sakhi/Code/secure_federated_learning/Cybronites/venv_mac/lib/python3.9/site-packages/starlette/_exception_handler.py", line 39, in sender
    await send(message)
  File "/Users/sakhi/Code/secure_federated_learning/Cybronites/venv_mac/lib/python3.9/site-packages/uvicorn/protocols/websockets/websockets_impl.py", line 342, in asgi_send
    raise ClientDisconnected from exc
uvicorn.protocols.utils.ClientDisconnected

During handling of the above exception, another exception occurred:

Traceback (most recent call last):
  File "/Users/sakhi/Code/secure_federated_learning/Cybronites/venv_mac/lib/python3.9/site-packages/uvicorn/protocols/websockets/websockets_impl.py", line 244, in run_asgi
    result = await self.app(self.scope, self.asgi_receive, self.asgi_send)  # type: ignore[func-returns-value]
  File "/Users/sakhi/Code/secure_federated_learning/Cybronites/venv_mac/lib/python3.9/site-packages/uvicorn/middleware/proxy_headers.py", line 60, in __call__
    return await self.app(scope, receive, send)
  File "/Users/sakhi/Code/secure_federated_learning/Cybronites/venv_mac/lib/python3.9/site-packages/fastapi/applications.py", line 1138, in __call__
    await super().__call__(scope, receive, send)
  File "/Users/sakhi/Code/secure_federated_learning/Cybronites/venv_mac/lib/python3.9/site-packages/starlette/applications.py", line 113, in __call__
    await self.middleware_stack(scope, receive, send)
  File "/Users/sakhi/Code/secure_federated_learning/Cybronites/venv_mac/lib/python3.9/site-packages/starlette/middleware/errors.py", line 151, in __call__
    await self.app(scope, receive, send)
  File "/Users/sakhi/Code/secure_federated_learning/Cybronites/venv_mac/lib/python3.9/site-packages/starlette/middleware/cors.py", line 77, in __call__
    await self.app(scope, receive, send)
  File "/Users/sakhi/Code/secure_federated_learning/Cybronites/venv_mac/lib/python3.9/site-packages/starlette/middleware/exceptions.py", line 63, in __call__
    await wrap_app_handling_exceptions(self.app, conn)(scope, receive, send)
  File "/Users/sakhi/Code/secure_federated_learning/Cybronites/venv_mac/lib/python3.9/site-packages/starlette/_exception_handler.py", line 53, in wrapped_app
    raise exc
  File "/Users/sakhi/Code/secure_federated_learning/Cybronites/venv_mac/lib/python3.9/site-packages/starlette/_exception_handler.py", line 42, in wrapped_app
    await app(scope, receive, sender)
  File "/Users/sakhi/Code/secure_federated_learning/Cybronites/venv_mac/lib/python3.9/site-packages/fastapi/middleware/asyncexitstack.py", line 18, in __call__
    await self.app(scope, receive, send)
  File "/Users/sakhi/Code/secure_federated_learning/Cybronites/venv_mac/lib/python3.9/site-packages/starlette/routing.py", line 716, in __call__
    await self.middleware_stack(scope, receive, send)
  File "/Users/sakhi/Code/secure_federated_learning/Cybronites/venv_mac/lib/python3.9/site-packages/starlette/routing.py", line 736, in app
    await route.handle(scope, receive, send)
  File "/Users/sakhi/Code/secure_federated_learning/Cybronites/venv_mac/lib/python3.9/site-packages/starlette/routing.py", line 364, in handle
    await self.app(scope, receive, send)
  File "/Users/sakhi/Code/secure_federated_learning/Cybronites/venv_mac/lib/python3.9/site-packages/fastapi/routing.py", line 147, in app
    await wrap_app_handling_exceptions(app, session)(scope, receive, send)
  File "/Users/sakhi/Code/secure_federated_learning/Cybronites/venv_mac/lib/python3.9/site-packages/starlette/_exception_handler.py", line 53, in wrapped_app
    raise exc
  File "/Users/sakhi/Code/secure_federated_learning/Cybronites/venv_mac/lib/python3.9/site-packages/starlette/_exception_handler.py", line 42, in wrapped_app
    await app(scope, receive, sender)
  File "/Users/sakhi/Code/secure_federated_learning/Cybronites/venv_mac/lib/python3.9/site-packages/fastapi/routing.py", line 144, in app
    await func(session)
  File "/Users/sakhi/Code/secure_federated_learning/Cybronites/venv_mac/lib/python3.9/site-packages/fastapi/routing.py", line 509, in app
    await dependant.call(**solved_result.values)
  File "/Users/sakhi/Code/secure_federated_learning/Cybronites/server/bridge.py", line 96, in websocket_endpoint
    await manager.connect(websocket)
  File "/Users/sakhi/Code/secure_federated_learning/Cybronites/server/bridge.py", line 38, in connect
    await self.send_personal_message({
  File "/Users/sakhi/Code/secure_federated_learning/Cybronites/server/bridge.py", line 49, in send_personal_message
    await websocket.send_json(message)
  File "/Users/sakhi/Code/secure_federated_learning/Cybronites/venv_mac/lib/python3.9/site-packages/starlette/websockets.py", line 176, in send_json
    await self.send({"type": "websocket.send", "text": text})
  File "/Users/sakhi/Code/secure_federated_learning/Cybronites/venv_mac/lib/python3.9/site-packages/starlette/websockets.py", line 89, in send
    raise WebSocketDisconnect(code=1006)
starlette.websockets.WebSocketDisconnect
INFO:Bridge:WS [REQUEST] Origin: http://localhost:5173 | Path: /bridge/ws
INFO:     127.0.0.1:52521 - "WebSocket /bridge/ws" [accepted]
INFO:     connection open
INFO:Bridge:WS [ESTABLISHED] Handshake accepted.
Round 1 | Client ipv4:127.0.0.1:52474 | Weight Hash: 111e46b6420855ce...
Round 1 | Client ipv4:127.0.0.1:52471 | Weight Hash: 2b2e3497a6ac32ac...
Round 1 | GLOBAL ACCURACY: 0.9645
Round 2 | Client ipv4:127.0.0.1:52474 | Weight Hash: 8b6586228da196d1...
Round 2 | Client ipv4:127.0.0.1:52471 | Weight Hash: 581abd8b716296b0...
Round 2 | GLOBAL ACCURACY: 0.9745
Round 3 | Client ipv4:127.0.0.1:52471 | Weight Hash: ce747141195864c7...
Round 3 | Client ipv4:127.0.0.1:52474 | Weight Hash: 2d5ab3a7432253cb...
Round 3 | GLOBAL ACCURACY: 0.9789
Round 4 | Client ipv4:127.0.0.1:52471 | Weight Hash: 9754da7c2591bf98...
Round 4 | Client ipv4:127.0.0.1:52474 | Weight Hash: 73b8bc772cf98639...
Round 4 | GLOBAL ACCURACY: 0.9817
Round 5 | Client ipv4:127.0.0.1:52474 | Weight Hash: d59b91d46ed29f18...
Round 5 | Client ipv4:127.0.0.1:52471 | Weight Hash: e254e310669e04fd...
Round 5 | GLOBAL ACCURACY: 0.9828
Round 6 | Client ipv4:127.0.0.1:52474 | Weight Hash: 8f164a02bc68498e...
Round 6 | Client ipv4:127.0.0.1:52471 | Weight Hash: 843fbc512c8c1757...
Round 6 | GLOBAL ACCURACY: 0.9826
Round 7 | Client ipv4:127.0.0.1:52474 | Weight Hash: 514883ca2c59ecbd...
Round 7 | Client ipv4:127.0.0.1:52471 | Weight Hash: 497f8f2c8aa7472d...
Round 7 | GLOBAL ACCURACY: 0.9854
Round 8 | Client ipv4:127.0.0.1:52471 | Weight Hash: 3bc8bb7803f9dc34...
Round 8 | Client ipv4:127.0.0.1:52474 | Weight Hash: 3484b66eff10b1e7...
Round 8 | GLOBAL ACCURACY: 0.9848
Round 9 | Client ipv4:127.0.0.1:52474 | Weight Hash: 413a6531f750f6dd...
Round 9 | Client ipv4:127.0.0.1:52471 | Weight Hash: 0601c14a993743f5...
Round 9 | GLOBAL ACCURACY: 0.9860
Round 10 | Client ipv4:127.0.0.1:52474 | Weight Hash: 123bc52c3cd797be...
Round 10 | Client ipv4:127.0.0.1:52471 | Weight Hash: 2bf6bbd747f07f53...
Round 10 | GLOBAL ACCURACY: 0.9871
Round 11 | Client ipv4:127.0.0.1:52471 | Weight Hash: 81a83754aac97377...
Round 11 | Client ipv4:127.0.0.1:52474 | Weight Hash: 2f0a652ab0c1be46...
Round 11 | GLOBAL ACCURACY: 0.9858
Round 12 | Client ipv4:127.0.0.1:52471 | Weight Hash: 8e3950e069c2765b...
Round 12 | Client ipv4:127.0.0.1:52474 | Weight Hash: 4257c7527e7ab098...
Round 12 | GLOBAL ACCURACY: 0.9872
Round 13 | Client ipv4:127.0.0.1:52474 | Weight Hash: 47e770586c58689d...
Round 13 | Client ipv4:127.0.0.1:52471 | Weight Hash: 149e35e3cb06a46c...
Round 13 | GLOBAL ACCURACY: 0.9863
Round 14 | Client ipv4:127.0.0.1:52471 | Weight Hash: c34d10e82af7e629...
Round 14 | Client ipv4:127.0.0.1:52474 | Weight Hash: 6e3362a979e70b01...
Round 14 | GLOBAL ACCURACY: 0.9877
Round 15 | Client ipv4:127.0.0.1:52471 | Weight Hash: d65d80e8041dc455...
Round 15 | Client ipv4:127.0.0.1:52474 | Weight Hash: 893f6160816db001...
Round 15 | GLOBAL ACCURACY: 0.9863
Round 16 | Client ipv4:127.0.0.1:52471 | Weight Hash: b5b892f283e27068...
Round 16 | Client ipv4:127.0.0.1:52474 | Weight Hash: a051a61b114f4703...
Round 16 | GLOBAL ACCURACY: 0.9873
Round 17 | Client ipv4:127.0.0.1:52474 | Weight Hash: aed392a67fffb64c...
Round 17 | Client ipv4:127.0.0.1:52471 | Weight Hash: 8309f4602a2f77eb...
Round 17 | GLOBAL ACCURACY: 0.9880
Round 18 | Client ipv4:127.0.0.1:52471 | Weight Hash: c36cb613013c7154...
Round 18 | Client ipv4:127.0.0.1:52474 | Weight Hash: 06e55808ad850531...
Round 18 | GLOBAL ACCURACY: 0.9895
Round 19 | Client ipv4:127.0.0.1:52471 | Weight Hash: 7cf1380bef88d2fb...
Round 19 | Client ipv4:127.0.0.1:52474 | Weight Hash: 8fcbeff6755540e8...
Round 19 | GLOBAL ACCURACY: 0.9871
Round 20 | Client ipv4:127.0.0.1:52474 | Weight Hash: 98c160665ef7e27c...
Round 20 | Client ipv4:127.0.0.1:52471 | Weight Hash: 9f72e9e8ff5c4dc3...
Round 20 | GLOBAL ACCURACY: 0.9885
AI GUARDIAN | FL ROUNDS COMPLETE. RETAINING DASHBOARD BRIDGE...
INFO:     127.0.0.1:52532 - "POST /aggregate HTTP/1.1" 200 OK
INFO:Bridge:WS [DISCONNECT] Client closed connection.
INFO:     connection closed
INFO:Bridge:WS [REQUEST] Origin: http://localhost:5173 | Path: /bridge/ws
INFO:     127.0.0.1:52593 - "WebSocket /bridge/ws" [accepted]
INFO:     connection open
INFO:Bridge:WS [ESTABLISHED] Handshake accepted.
INFO:Bridge:WS [DISCONNECT] Client closed connection.
INFO:     connection closed
INFO:Bridge:WS [REQUEST] Origin: http://localhost:5173 | Path: /bridge/ws
INFO:     127.0.0.1:52595 - "WebSocket /bridge/ws" [accepted]
INFO:     connection open
INFO:Bridge:WS [ESTABLISHED] Handshake accepted.
INFO:Bridge:WS [REQUEST] Origin: http://localhost:5173 | Path: /bridge/ws
INFO:     127.0.0.1:52605 - "WebSocket /bridge/ws" [accepted]
INFO:Bridge:WS [DISCONNECT] Client closed connection.
INFO:     connection closed
INFO:     connection open
INFO:Bridge:WS [ESTABLISHED] Handshake accepted.
INFO:Bridge:WS [DISCONNECT] Client closed connection.
INFO:     connection closed
INFO:Bridge:WS [REQUEST] Origin: http://localhost:5173 | Path: /bridge/ws
INFO:     127.0.0.1:52607 - "WebSocket /bridge/ws" [accepted]
INFO:     connection open
INFO:Bridge:WS [ESTABLISHED] Handshake accepted.
INFO:Bridge:WS [DISCONNECT] Client closed connection.
INFO:     connection closed
INFO:Bridge:WS [REQUEST] Origin: http://localhost:5173 | Path: /bridge/ws
INFO:     127.0.0.1:52620 - "WebSocket /bridge/ws" [accepted]
INFO:     connection open
INFO:Bridge:WS [ESTABLISHED] Handshake accepted.
INFO:Bridge:WS [REQUEST] Origin: http://localhost:5173 | Path: /bridge/ws
INFO:     127.0.0.1:52622 - "WebSocket /bridge/ws" [accepted]
INFO:     connection open
INFO:Bridge:WS [ESTABLISHED] Handshake accepted.
INFO:     connection closed
INFO:Bridge:WS [DISCONNECT] Client closed connection.
INFO:Bridge:WS [DISCONNECT] Client closed connection.
INFO:     connection closed
INFO:Bridge:WS [REQUEST] Origin: http://localhost:5173 | Path: /bridge/ws
INFO:     127.0.0.1:52680 - "WebSocket /bridge/ws" [accepted]
INFO:     connection open
INFO:Bridge:WS [ESTABLISHED] Handshake accepted.
INFO:Bridge:WS [DISCONNECT] Client closed connection.
INFO:     connection closed
INFO:Bridge:WS [REQUEST] Origin: http://localhost:5173 | Path: /bridge/ws
INFO:     127.0.0.1:52693 - "WebSocket /bridge/ws" [accepted]
INFO:     connection open
INFO:Bridge:WS [ESTABLISHED] Handshake accepted.
INFO:Bridge:WS [DISCONNECT] Client closed connection.
INFO:     connection closed
INFO:Bridge:WS [REQUEST] Origin: http://localhost:5173 | Path: /bridge/ws
INFO:     127.0.0.1:52695 - "WebSocket /bridge/ws" [accepted]
INFO:     connection open
INFO:Bridge:WS [ESTABLISHED] Handshake accepted.
INFO:Bridge:WS [DISCONNECT] Client closed connection.
INFO:     connection closed
INFO:Bridge:WS [REQUEST] Origin: http://localhost:5173 | Path: /bridge/ws
INFO:     127.0.0.1:52697 - "WebSocket /bridge/ws" [accepted]
INFO:     connection open
INFO:Bridge:WS [ESTABLISHED] Handshake accepted.
INFO:Bridge:WS [DISCONNECT] Client closed connection.
INFO:     connection closed
INFO:Bridge:WS [DISCONNECT] Client closed connection.
INFO:     connection closed
INFO:Bridge:WS [DISCONNECT] Client closed connection.
INFO:     connection closed
INFO:Bridge:WS [REQUEST] Origin: http://localhost:5173 | Path: /bridge/ws
INFO:     127.0.0.1:52711 - "WebSocket /bridge/ws" [accepted]
INFO:     connection open
ERROR:    Exception in ASGI application
Traceback (most recent call last):
  File "/Users/sakhi/Code/secure_federated_learning/Cybronites/venv_mac/lib/python3.9/site-packages/uvicorn/protocols/websockets/websockets_impl.py", line 329, in asgi_send
    await self.send(data)  # type: ignore[arg-type]
  File "/Users/sakhi/Code/secure_federated_learning/Cybronites/venv_mac/lib/python3.9/site-packages/websockets/legacy/protocol.py", line 632, in send
    await self.write_frame(True, opcode, data)
  File "/Users/sakhi/Code/secure_federated_learning/Cybronites/venv_mac/lib/python3.9/site-packages/websockets/legacy/protocol.py", line 1191, in write_frame
    await self.drain()
  File "/Users/sakhi/Code/secure_federated_learning/Cybronites/venv_mac/lib/python3.9/site-packages/websockets/legacy/protocol.py", line 1180, in drain
    await self.ensure_open()
  File "/Users/sakhi/Code/secure_federated_learning/Cybronites/venv_mac/lib/python3.9/site-packages/websockets/legacy/protocol.py", line 921, in ensure_open
    raise self.connection_closed_exc()
websockets.exceptions.ConnectionClosedError: no close frame received or sent

The above exception was the direct cause of the following exception:

Traceback (most recent call last):
  File "/Users/sakhi/Code/secure_federated_learning/Cybronites/venv_mac/lib/python3.9/site-packages/starlette/websockets.py", line 86, in send
    await self._send(message)
  File "/Users/sakhi/Code/secure_federated_learning/Cybronites/venv_mac/lib/python3.9/site-packages/starlette/_exception_handler.py", line 39, in sender
    await send(message)
  File "/Users/sakhi/Code/secure_federated_learning/Cybronites/venv_mac/lib/python3.9/site-packages/uvicorn/protocols/websockets/websockets_impl.py", line 342, in asgi_send
    raise ClientDisconnected from exc
uvicorn.protocols.utils.ClientDisconnected

During handling of the above exception, another exception occurred:

Traceback (most recent call last):
  File "/Users/sakhi/Code/secure_federated_learning/Cybronites/venv_mac/lib/python3.9/site-packages/uvicorn/protocols/websockets/websockets_impl.py", line 244, in run_asgi
    result = await self.app(self.scope, self.asgi_receive, self.asgi_send)  # type: ignore[func-returns-value]
  File "/Users/sakhi/Code/secure_federated_learning/Cybronites/venv_mac/lib/python3.9/site-packages/uvicorn/middleware/proxy_headers.py", line 60, in __call__
    return await self.app(scope, receive, send)
  File "/Users/sakhi/Code/secure_federated_learning/Cybronites/venv_mac/lib/python3.9/site-packages/fastapi/applications.py", line 1138, in __call__
    await super().__call__(scope, receive, send)
  File "/Users/sakhi/Code/secure_federated_learning/Cybronites/venv_mac/lib/python3.9/site-packages/starlette/applications.py", line 113, in __call__
    await self.middleware_stack(scope, receive, send)
  File "/Users/sakhi/Code/secure_federated_learning/Cybronites/venv_mac/lib/python3.9/site-packages/starlette/middleware/errors.py", line 151, in __call__
    await self.app(scope, receive, send)
  File "/Users/sakhi/Code/secure_federated_learning/Cybronites/venv_mac/lib/python3.9/site-packages/starlette/middleware/cors.py", line 77, in __call__
    await self.app(scope, receive, send)
  File "/Users/sakhi/Code/secure_federated_learning/Cybronites/venv_mac/lib/python3.9/site-packages/starlette/middleware/exceptions.py", line 63, in __call__
    await wrap_app_handling_exceptions(self.app, conn)(scope, receive, send)
  File "/Users/sakhi/Code/secure_federated_learning/Cybronites/venv_mac/lib/python3.9/site-packages/starlette/_exception_handler.py", line 53, in wrapped_app
    raise exc
  File "/Users/sakhi/Code/secure_federated_learning/Cybronites/venv_mac/lib/python3.9/site-packages/starlette/_exception_handler.py", line 42, in wrapped_app
    await app(scope, receive, sender)
  File "/Users/sakhi/Code/secure_federated_learning/Cybronites/venv_mac/lib/python3.9/site-packages/fastapi/middleware/asyncexitstack.py", line 18, in __call__
    await self.app(scope, receive, send)
  File "/Users/sakhi/Code/secure_federated_learning/Cybronites/venv_mac/lib/python3.9/site-packages/starlette/routing.py", line 716, in __call__
    await self.middleware_stack(scope, receive, send)
  File "/Users/sakhi/Code/secure_federated_learning/Cybronites/venv_mac/lib/python3.9/site-packages/starlette/routing.py", line 736, in app
    await route.handle(scope, receive, send)
  File "/Users/sakhi/Code/secure_federated_learning/Cybronites/venv_mac/lib/python3.9/site-packages/starlette/routing.py", line 364, in handle
    await self.app(scope, receive, send)
  File "/Users/sakhi/Code/secure_federated_learning/Cybronites/venv_mac/lib/python3.9/site-packages/fastapi/routing.py", line 147, in app
    await wrap_app_handling_exceptions(app, session)(scope, receive, send)
  File "/Users/sakhi/Code/secure_federated_learning/Cybronites/venv_mac/lib/python3.9/site-packages/starlette/_exception_handler.py", line 53, in wrapped_app
    raise exc
  File "/Users/sakhi/Code/secure_federated_learning/Cybronites/venv_mac/lib/python3.9/site-packages/starlette/_exception_handler.py", line 42, in wrapped_app
    await app(scope, receive, sender)
  File "/Users/sakhi/Code/secure_federated_learning/Cybronites/venv_mac/lib/python3.9/site-packages/fastapi/routing.py", line 144, in app
    await func(session)
  File "/Users/sakhi/Code/secure_federated_learning/Cybronites/venv_mac/lib/python3.9/site-packages/fastapi/routing.py", line 509, in app
    await dependant.call(**solved_result.values)
  File "/Users/sakhi/Code/secure_federated_learning/Cybronites/server/bridge.py", line 96, in websocket_endpoint
    await manager.connect(websocket)
  File "/Users/sakhi/Code/secure_federated_learning/Cybronites/server/bridge.py", line 38, in connect
    await self.send_personal_message({
  File "/Users/sakhi/Code/secure_federated_learning/Cybronites/server/bridge.py", line 49, in send_personal_message
    await websocket.send_json(message)
  File "/Users/sakhi/Code/secure_federated_learning/Cybronites/venv_mac/lib/python3.9/site-packages/starlette/websockets.py", line 176, in send_json
    await self.send({"type": "websocket.send", "text": text})
  File "/Users/sakhi/Code/secure_federated_learning/Cybronites/venv_mac/lib/python3.9/site-packages/starlette/websockets.py", line 89, in send
    raise WebSocketDisconnect(code=1006)
starlette.websockets.WebSocketDisconnect
INFO:     connection closed
INFO:Bridge:WS [REQUEST] Origin: http://localhost:5173 | Path: /bridge/ws
INFO:     127.0.0.1:52714 - "WebSocket /bridge/ws" [accepted]
INFO:     connection open
INFO:Bridge:WS [ESTABLISHED] Handshake accepted.
INFO:Bridge:WS [REQUEST] Origin: http://localhost:5173 | Path: /bridge/ws
INFO:     127.0.0.1:52716 - "WebSocket /bridge/ws" [accepted]
INFO:     connection open
INFO:Bridge:WS [ESTABLISHED] Handshake accepted.
INFO:Bridge:WS [REQUEST] Origin: http://localhost:5173 | Path: /bridge/ws
INFO:     127.0.0.1:52722 - "WebSocket /bridge/ws" [accepted]
INFO:     connection open
ERROR:    Exception in ASGI application
Traceback (most recent call last):
  File "/Users/sakhi/Code/secure_federated_learning/Cybronites/venv_mac/lib/python3.9/site-packages/websockets/legacy/protocol.py", line 945, in transfer_data
    message = await self.read_message()
  File "/Users/sakhi/Code/secure_federated_learning/Cybronites/venv_mac/lib/python3.9/site-packages/websockets/legacy/protocol.py", line 1015, in read_message
    frame = await self.read_data_frame(max_size=self.max_size)
  File "/Users/sakhi/Code/secure_federated_learning/Cybronites/venv_mac/lib/python3.9/site-packages/websockets/legacy/protocol.py", line 1090, in read_data_frame
    frame = await self.read_frame(max_size)
  File "/Users/sakhi/Code/secure_federated_learning/Cybronites/venv_mac/lib/python3.9/site-packages/websockets/legacy/protocol.py", line 1147, in read_frame
    frame = await Frame.read(
  File "/Users/sakhi/Code/secure_federated_learning/Cybronites/venv_mac/lib/python3.9/site-packages/websockets/legacy/framing.py", line 71, in read
    data = await reader(2)
  File "/Library/Developer/CommandLineTools/Library/Frameworks/Python3.framework/Versions/3.9/lib/python3.9/asyncio/streams.py", line 721, in readexactly
    raise exceptions.IncompleteReadError(incomplete, n)
asyncio.exceptions.IncompleteReadError: 0 bytes read on a total of 2 expected bytes

The above exception was the direct cause of the following exception:

Traceback (most recent call last):
  File "/Users/sakhi/Code/secure_federated_learning/Cybronites/venv_mac/lib/python3.9/site-packages/uvicorn/protocols/websockets/websockets_impl.py", line 329, in asgi_send
    await self.send(data)  # type: ignore[arg-type]
  File "/Users/sakhi/Code/secure_federated_learning/Cybronites/venv_mac/lib/python3.9/site-packages/websockets/legacy/protocol.py", line 620, in send
    await self.ensure_open()
  File "/Users/sakhi/Code/secure_federated_learning/Cybronites/venv_mac/lib/python3.9/site-packages/websockets/legacy/protocol.py", line 921, in ensure_open
    raise self.connection_closed_exc()
websockets.exceptions.ConnectionClosedError: no close frame received or sent

The above exception was the direct cause of the following exception:

Traceback (most recent call last):
  File "/Users/sakhi/Code/secure_federated_learning/Cybronites/venv_mac/lib/python3.9/site-packages/starlette/websockets.py", line 86, in send
    await self._send(message)
  File "/Users/sakhi/Code/secure_federated_learning/Cybronites/venv_mac/lib/python3.9/site-packages/starlette/_exception_handler.py", line 39, in sender
    await send(message)
  File "/Users/sakhi/Code/secure_federated_learning/Cybronites/venv_mac/lib/python3.9/site-packages/uvicorn/protocols/websockets/websockets_impl.py", line 342, in asgi_send
    raise ClientDisconnected from exc
uvicorn.protocols.utils.ClientDisconnected

During handling of the above exception, another exception occurred:

Traceback (most recent call last):
  File "/Users/sakhi/Code/secure_federated_learning/Cybronites/venv_mac/lib/python3.9/site-packages/uvicorn/protocols/websockets/websockets_impl.py", line 244, in run_asgi
    result = await self.app(self.scope, self.asgi_receive, self.asgi_send)  # type: ignore[func-returns-value]
  File "/Users/sakhi/Code/secure_federated_learning/Cybronites/venv_mac/lib/python3.9/site-packages/uvicorn/middleware/proxy_headers.py", line 60, in __call__
    return await self.app(scope, receive, send)
  File "/Users/sakhi/Code/secure_federated_learning/Cybronites/venv_mac/lib/python3.9/site-packages/fastapi/applications.py", line 1138, in __call__
    await super().__call__(scope, receive, send)
  File "/Users/sakhi/Code/secure_federated_learning/Cybronites/venv_mac/lib/python3.9/site-packages/starlette/applications.py", line 113, in __call__
    await self.middleware_stack(scope, receive, send)
  File "/Users/sakhi/Code/secure_federated_learning/Cybronites/venv_mac/lib/python3.9/site-packages/starlette/middleware/errors.py", line 151, in __call__
    await self.app(scope, receive, send)
  File "/Users/sakhi/Code/secure_federated_learning/Cybronites/venv_mac/lib/python3.9/site-packages/starlette/middleware/cors.py", line 77, in __call__
    await self.app(scope, receive, send)
  File "/Users/sakhi/Code/secure_federated_learning/Cybronites/venv_mac/lib/python3.9/site-packages/starlette/middleware/exceptions.py", line 63, in __call__
    await wrap_app_handling_exceptions(self.app, conn)(scope, receive, send)
  File "/Users/sakhi/Code/secure_federated_learning/Cybronites/venv_mac/lib/python3.9/site-packages/starlette/_exception_handler.py", line 53, in wrapped_app
    raise exc
  File "/Users/sakhi/Code/secure_federated_learning/Cybronites/venv_mac/lib/python3.9/site-packages/starlette/_exception_handler.py", line 42, in wrapped_app
    await app(scope, receive, sender)
  File "/Users/sakhi/Code/secure_federated_learning/Cybronites/venv_mac/lib/python3.9/site-packages/fastapi/middleware/asyncexitstack.py", line 18, in __call__
    await self.app(scope, receive, send)
  File "/Users/sakhi/Code/secure_federated_learning/Cybronites/venv_mac/lib/python3.9/site-packages/starlette/routing.py", line 716, in __call__
    await self.middleware_stack(scope, receive, send)
  File "/Users/sakhi/Code/secure_federated_learning/Cybronites/venv_mac/lib/python3.9/site-packages/starlette/routing.py", line 736, in app
    await route.handle(scope, receive, send)
  File "/Users/sakhi/Code/secure_federated_learning/Cybronites/venv_mac/lib/python3.9/site-packages/starlette/routing.py", line 364, in handle
    await self.app(scope, receive, send)
  File "/Users/sakhi/Code/secure_federated_learning/Cybronites/venv_mac/lib/python3.9/site-packages/fastapi/routing.py", line 147, in app
    await wrap_app_handling_exceptions(app, session)(scope, receive, send)
  File "/Users/sakhi/Code/secure_federated_learning/Cybronites/venv_mac/lib/python3.9/site-packages/starlette/_exception_handler.py", line 53, in wrapped_app
    raise exc
  File "/Users/sakhi/Code/secure_federated_learning/Cybronites/venv_mac/lib/python3.9/site-packages/starlette/_exception_handler.py", line 42, in wrapped_app
    await app(scope, receive, sender)
  File "/Users/sakhi/Code/secure_federated_learning/Cybronites/venv_mac/lib/python3.9/site-packages/fastapi/routing.py", line 144, in app
    await func(session)
  File "/Users/sakhi/Code/secure_federated_learning/Cybronites/venv_mac/lib/python3.9/site-packages/fastapi/routing.py", line 509, in app
    await dependant.call(**solved_result.values)
  File "/Users/sakhi/Code/secure_federated_learning/Cybronites/server/bridge.py", line 96, in websocket_endpoint
    await manager.connect(websocket)
  File "/Users/sakhi/Code/secure_federated_learning/Cybronites/server/bridge.py", line 38, in connect
    await self.send_personal_message({
  File "/Users/sakhi/Code/secure_federated_learning/Cybronites/server/bridge.py", line 49, in send_personal_message
    await websocket.send_json(message)
  File "/Users/sakhi/Code/secure_federated_learning/Cybronites/venv_mac/lib/python3.9/site-packages/starlette/websockets.py", line 176, in send_json
    await self.send({"type": "websocket.send", "text": text})
  File "/Users/sakhi/Code/secure_federated_learning/Cybronites/venv_mac/lib/python3.9/site-packages/starlette/websockets.py", line 89, in send
    raise WebSocketDisconnect(code=1006)
starlette.websockets.WebSocketDisconnect
INFO:     connection closed
INFO:Bridge:WS [REQUEST] Origin: http://localhost:5173 | Path: /bridge/ws
INFO:     127.0.0.1:52723 - "WebSocket /bridge/ws" [accepted]
INFO:     connection open
INFO:Bridge:WS [ESTABLISHED] Handshake accepted.
INFO:Bridge:WS [DISCONNECT] Client closed connection.
INFO:     connection closed
INFO:Bridge:WS [REQUEST] Origin: http://localhost:5173 | Path: /bridge/ws
INFO:     127.0.0.1:52727 - "WebSocket /bridge/ws" [accepted]
INFO:     connection open
ERROR:    Exception in ASGI application
Traceback (most recent call last):
  File "/Users/sakhi/Code/secure_federated_learning/Cybronites/venv_mac/lib/python3.9/site-packages/websockets/legacy/protocol.py", line 945, in transfer_data
    message = await self.read_message()
  File "/Users/sakhi/Code/secure_federated_learning/Cybronites/venv_mac/lib/python3.9/site-packages/websockets/legacy/protocol.py", line 1015, in read_message
    frame = await self.read_data_frame(max_size=self.max_size)
  File "/Users/sakhi/Code/secure_federated_learning/Cybronites/venv_mac/lib/python3.9/site-packages/websockets/legacy/protocol.py", line 1090, in read_data_frame
    frame = await self.read_frame(max_size)
  File "/Users/sakhi/Code/secure_federated_learning/Cybronites/venv_mac/lib/python3.9/site-packages/websockets/legacy/protocol.py", line 1147, in read_frame
    frame = await Frame.read(
  File "/Users/sakhi/Code/secure_federated_learning/Cybronites/venv_mac/lib/python3.9/site-packages/websockets/legacy/framing.py", line 71, in read
    data = await reader(2)
  File "/Library/Developer/CommandLineTools/Library/Frameworks/Python3.framework/Versions/3.9/lib/python3.9/asyncio/streams.py", line 721, in readexactly
    raise exceptions.IncompleteReadError(incomplete, n)
asyncio.exceptions.IncompleteReadError: 0 bytes read on a total of 2 expected bytes

The above exception was the direct cause of the following exception:

Traceback (most recent call last):
  File "/Users/sakhi/Code/secure_federated_learning/Cybronites/venv_mac/lib/python3.9/site-packages/uvicorn/protocols/websockets/websockets_impl.py", line 329, in asgi_send
    await self.send(data)  # type: ignore[arg-type]
  File "/Users/sakhi/Code/secure_federated_learning/Cybronites/venv_mac/lib/python3.9/site-packages/websockets/legacy/protocol.py", line 620, in send
    await self.ensure_open()
  File "/Users/sakhi/Code/secure_federated_learning/Cybronites/venv_mac/lib/python3.9/site-packages/websockets/legacy/protocol.py", line 921, in ensure_open
    raise self.connection_closed_exc()
websockets.exceptions.ConnectionClosedError: no close frame received or sent

The above exception was the direct cause of the following exception:

Traceback (most recent call last):
  File "/Users/sakhi/Code/secure_federated_learning/Cybronites/venv_mac/lib/python3.9/site-packages/starlette/websockets.py", line 86, in send
    await self._send(message)
  File "/Users/sakhi/Code/secure_federated_learning/Cybronites/venv_mac/lib/python3.9/site-packages/starlette/_exception_handler.py", line 39, in sender
    await send(message)
  File "/Users/sakhi/Code/secure_federated_learning/Cybronites/venv_mac/lib/python3.9/site-packages/uvicorn/protocols/websockets/websockets_impl.py", line 342, in asgi_send
    raise ClientDisconnected from exc
uvicorn.protocols.utils.ClientDisconnected

During handling of the above exception, another exception occurred:

Traceback (most recent call last):
  File "/Users/sakhi/Code/secure_federated_learning/Cybronites/venv_mac/lib/python3.9/site-packages/uvicorn/protocols/websockets/websockets_impl.py", line 244, in run_asgi
    result = await self.app(self.scope, self.asgi_receive, self.asgi_send)  # type: ignore[func-returns-value]
  File "/Users/sakhi/Code/secure_federated_learning/Cybronites/venv_mac/lib/python3.9/site-packages/uvicorn/middleware/proxy_headers.py", line 60, in __call__
    return await self.app(scope, receive, send)
  File "/Users/sakhi/Code/secure_federated_learning/Cybronites/venv_mac/lib/python3.9/site-packages/fastapi/applications.py", line 1138, in __call__
    await super().__call__(scope, receive, send)
  File "/Users/sakhi/Code/secure_federated_learning/Cybronites/venv_mac/lib/python3.9/site-packages/starlette/applications.py", line 113, in __call__
    await self.middleware_stack(scope, receive, send)
  File "/Users/sakhi/Code/secure_federated_learning/Cybronites/venv_mac/lib/python3.9/site-packages/starlette/middleware/errors.py", line 151, in __call__
    await self.app(scope, receive, send)
  File "/Users/sakhi/Code/secure_federated_learning/Cybronites/venv_mac/lib/python3.9/site-packages/starlette/middleware/cors.py", line 77, in __call__
    await self.app(scope, receive, send)
  File "/Users/sakhi/Code/secure_federated_learning/Cybronites/venv_mac/lib/python3.9/site-packages/starlette/middleware/exceptions.py", line 63, in __call__
    await wrap_app_handling_exceptions(self.app, conn)(scope, receive, send)
  File "/Users/sakhi/Code/secure_federated_learning/Cybronites/venv_mac/lib/python3.9/site-packages/starlette/_exception_handler.py", line 53, in wrapped_app
    raise exc
  File "/Users/sakhi/Code/secure_federated_learning/Cybronites/venv_mac/lib/python3.9/site-packages/starlette/_exception_handler.py", line 42, in wrapped_app
    await app(scope, receive, sender)
  File "/Users/sakhi/Code/secure_federated_learning/Cybronites/venv_mac/lib/python3.9/site-packages/fastapi/middleware/asyncexitstack.py", line 18, in __call__
    await self.app(scope, receive, send)
  File "/Users/sakhi/Code/secure_federated_learning/Cybronites/venv_mac/lib/python3.9/site-packages/starlette/routing.py", line 716, in __call__
    await self.middleware_stack(scope, receive, send)
  File "/Users/sakhi/Code/secure_federated_learning/Cybronites/venv_mac/lib/python3.9/site-packages/starlette/routing.py", line 736, in app
    await route.handle(scope, receive, send)
  File "/Users/sakhi/Code/secure_federated_learning/Cybronites/venv_mac/lib/python3.9/site-packages/starlette/routing.py", line 364, in handle
    await self.app(scope, receive, send)
  File "/Users/sakhi/Code/secure_federated_learning/Cybronites/venv_mac/lib/python3.9/site-packages/fastapi/routing.py", line 147, in app
    await wrap_app_handling_exceptions(app, session)(scope, receive, send)
  File "/Users/sakhi/Code/secure_federated_learning/Cybronites/venv_mac/lib/python3.9/site-packages/starlette/_exception_handler.py", line 53, in wrapped_app
    raise exc
  File "/Users/sakhi/Code/secure_federated_learning/Cybronites/venv_mac/lib/python3.9/site-packages/starlette/_exception_handler.py", line 42, in wrapped_app
    await app(scope, receive, sender)
  File "/Users/sakhi/Code/secure_federated_learning/Cybronites/venv_mac/lib/python3.9/site-packages/fastapi/routing.py", line 144, in app
    await func(session)
  File "/Users/sakhi/Code/secure_federated_learning/Cybronites/venv_mac/lib/python3.9/site-packages/fastapi/routing.py", line 509, in app
    await dependant.call(**solved_result.values)
  File "/Users/sakhi/Code/secure_federated_learning/Cybronites/server/bridge.py", line 96, in websocket_endpoint
    await manager.connect(websocket)
  File "/Users/sakhi/Code/secure_federated_learning/Cybronites/server/bridge.py", line 38, in connect
    await self.send_personal_message({
  File "/Users/sakhi/Code/secure_federated_learning/Cybronites/server/bridge.py", line 49, in send_personal_message
    await websocket.send_json(message)
  File "/Users/sakhi/Code/secure_federated_learning/Cybronites/venv_mac/lib/python3.9/site-packages/starlette/websockets.py", line 176, in send_json
    await self.send({"type": "websocket.send", "text": text})
  File "/Users/sakhi/Code/secure_federated_learning/Cybronites/venv_mac/lib/python3.9/site-packages/starlette/websockets.py", line 89, in send
    raise WebSocketDisconnect(code=1006)
starlette.websockets.WebSocketDisconnect
INFO:     connection closed
INFO:Bridge:WS [REQUEST] Origin: http://localhost:5173 | Path: /bridge/ws
INFO:     127.0.0.1:52729 - "WebSocket /bridge/ws" [accepted]
INFO:     connection open
INFO:Bridge:WS [ESTABLISHED] Handshake accepted.
INFO:Bridge:WS [DISCONNECT] Client closed connection.
INFO:     connection closed
INFO:Bridge:WS [REQUEST] Origin: http://localhost:5173 | Path: /bridge/ws
INFO:     127.0.0.1:52734 - "WebSocket /bridge/ws" [accepted]
INFO:     connection open
INFO:Bridge:WS [ESTABLISHED] Handshake accepted.
INFO:     connection closed
INFO:Bridge:WS [DISCONNECT] Client closed connection.
INFO:Bridge:WS [REQUEST] Origin: http://localhost:5173 | Path: /bridge/ws
INFO:     127.0.0.1:52736 - "WebSocket /bridge/ws" [accepted]
INFO:     connection open
INFO:Bridge:WS [ESTABLISHED] Handshake accepted.
INFO:Bridge:WS [DISCONNECT] Client closed connection.
INFO:     connection closed
INFO:Bridge:WS [REQUEST] Origin: http://localhost:5173 | Path: /bridge/ws
INFO:     127.0.0.1:52746 - "WebSocket /bridge/ws" [accepted]
INFO:     connection closed
ERROR:    Exception in ASGI application
Traceback (most recent call last):
  File "/Users/sakhi/Code/secure_federated_learning/Cybronites/venv_mac/lib/python3.9/site-packages/uvicorn/protocols/websockets/websockets_impl.py", line 329, in asgi_send
    await self.send(data)  # type: ignore[arg-type]
  File "/Users/sakhi/Code/secure_federated_learning/Cybronites/venv_mac/lib/python3.9/site-packages/websockets/legacy/protocol.py", line 620, in send
    await self.ensure_open()
  File "/Users/sakhi/Code/secure_federated_learning/Cybronites/venv_mac/lib/python3.9/site-packages/websockets/legacy/protocol.py", line 921, in ensure_open
    raise self.connection_closed_exc()
websockets.exceptions.ConnectionClosedError: no close frame received or sent

The above exception was the direct cause of the following exception:

Traceback (most recent call last):
  File "/Users/sakhi/Code/secure_federated_learning/Cybronites/venv_mac/lib/python3.9/site-packages/starlette/websockets.py", line 86, in send
    await self._send(message)
  File "/Users/sakhi/Code/secure_federated_learning/Cybronites/venv_mac/lib/python3.9/site-packages/starlette/_exception_handler.py", line 39, in sender
    await send(message)
  File "/Users/sakhi/Code/secure_federated_learning/Cybronites/venv_mac/lib/python3.9/site-packages/uvicorn/protocols/websockets/websockets_impl.py", line 342, in asgi_send
    raise ClientDisconnected from exc
uvicorn.protocols.utils.ClientDisconnected

During handling of the above exception, another exception occurred:

Traceback (most recent call last):
  File "/Users/sakhi/Code/secure_federated_learning/Cybronites/venv_mac/lib/python3.9/site-packages/uvicorn/protocols/websockets/websockets_impl.py", line 244, in run_asgi
    result = await self.app(self.scope, self.asgi_receive, self.asgi_send)  # type: ignore[func-returns-value]
  File "/Users/sakhi/Code/secure_federated_learning/Cybronites/venv_mac/lib/python3.9/site-packages/uvicorn/middleware/proxy_headers.py", line 60, in __call__
    return await self.app(scope, receive, send)
  File "/Users/sakhi/Code/secure_federated_learning/Cybronites/venv_mac/lib/python3.9/site-packages/fastapi/applications.py", line 1138, in __call__
    await super().__call__(scope, receive, send)
  File "/Users/sakhi/Code/secure_federated_learning/Cybronites/venv_mac/lib/python3.9/site-packages/starlette/applications.py", line 113, in __call__
    await self.middleware_stack(scope, receive, send)
  File "/Users/sakhi/Code/secure_federated_learning/Cybronites/venv_mac/lib/python3.9/site-packages/starlette/middleware/errors.py", line 151, in __call__
    await self.app(scope, receive, send)
  File "/Users/sakhi/Code/secure_federated_learning/Cybronites/venv_mac/lib/python3.9/site-packages/starlette/middleware/cors.py", line 77, in __call__
    await self.app(scope, receive, send)
  File "/Users/sakhi/Code/secure_federated_learning/Cybronites/venv_mac/lib/python3.9/site-packages/starlette/middleware/exceptions.py", line 63, in __call__
    await wrap_app_handling_exceptions(self.app, conn)(scope, receive, send)
  File "/Users/sakhi/Code/secure_federated_learning/Cybronites/venv_mac/lib/python3.9/site-packages/starlette/_exception_handler.py", line 53, in wrapped_app
    raise exc
  File "/Users/sakhi/Code/secure_federated_learning/Cybronites/venv_mac/lib/python3.9/site-packages/starlette/_exception_handler.py", line 42, in wrapped_app
    await app(scope, receive, sender)
  File "/Users/sakhi/Code/secure_federated_learning/Cybronites/venv_mac/lib/python3.9/site-packages/fastapi/middleware/asyncexitstack.py", line 18, in __call__
    await self.app(scope, receive, send)
  File "/Users/sakhi/Code/secure_federated_learning/Cybronites/venv_mac/lib/python3.9/site-packages/starlette/routing.py", line 716, in __call__
    await self.middleware_stack(scope, receive, send)
  File "/Users/sakhi/Code/secure_federated_learning/Cybronites/venv_mac/lib/python3.9/site-packages/starlette/routing.py", line 736, in app
    await route.handle(scope, receive, send)
  File "/Users/sakhi/Code/secure_federated_learning/Cybronites/venv_mac/lib/python3.9/site-packages/starlette/routing.py", line 364, in handle
    await self.app(scope, receive, send)
  File "/Users/sakhi/Code/secure_federated_learning/Cybronites/venv_mac/lib/python3.9/site-packages/fastapi/routing.py", line 147, in app
    await wrap_app_handling_exceptions(app, session)(scope, receive, send)
  File "/Users/sakhi/Code/secure_federated_learning/Cybronites/venv_mac/lib/python3.9/site-packages/starlette/_exception_handler.py", line 53, in wrapped_app
    raise exc
  File "/Users/sakhi/Code/secure_federated_learning/Cybronites/venv_mac/lib/python3.9/site-packages/starlette/_exception_handler.py", line 42, in wrapped_app
    await app(scope, receive, sender)
  File "/Users/sakhi/Code/secure_federated_learning/Cybronites/venv_mac/lib/python3.9/site-packages/fastapi/routing.py", line 144, in app
    await func(session)
  File "/Users/sakhi/Code/secure_federated_learning/Cybronites/venv_mac/lib/python3.9/site-packages/fastapi/routing.py", line 509, in app
    await dependant.call(**solved_result.values)
  File "/Users/sakhi/Code/secure_federated_learning/Cybronites/server/bridge.py", line 96, in websocket_endpoint
    await manager.connect(websocket)
  File "/Users/sakhi/Code/secure_federated_learning/Cybronites/server/bridge.py", line 38, in connect
    await self.send_personal_message({
  File "/Users/sakhi/Code/secure_federated_learning/Cybronites/server/bridge.py", line 49, in send_personal_message
    await websocket.send_json(message)
  File "/Users/sakhi/Code/secure_federated_learning/Cybronites/venv_mac/lib/python3.9/site-packages/starlette/websockets.py", line 176, in send_json
    await self.send({"type": "websocket.send", "text": text})
  File "/Users/sakhi/Code/secure_federated_learning/Cybronites/venv_mac/lib/python3.9/site-packages/starlette/websockets.py", line 89, in send
    raise WebSocketDisconnect(code=1006)
starlette.websockets.WebSocketDisconnect
INFO:Bridge:WS [REQUEST] Origin: http://localhost:5173 | Path: /bridge/ws
INFO:     127.0.0.1:52749 - "WebSocket /bridge/ws" [accepted]
INFO:     connection open
INFO:Bridge:WS [ESTABLISHED] Handshake accepted.
INFO:Bridge:WS [DISCONNECT] Client closed connection.
INFO:     connection closed
INFO:Bridge:WS [REQUEST] Origin: http://localhost:5173 | Path: /bridge/ws
INFO:     127.0.0.1:52753 - "WebSocket /bridge/ws" [accepted]
INFO:     connection open
INFO:Bridge:WS [ESTABLISHED] Handshake accepted.
INFO:Bridge:WS [DISCONNECT] Client closed connection.
INFO:     connection closed
INFO:Bridge:WS [REQUEST] Origin: http://localhost:5173 | Path: /bridge/ws
INFO:     127.0.0.1:52755 - "WebSocket /bridge/ws" [accepted]
INFO:     connection open
INFO:Bridge:WS [ESTABLISHED] Handshake accepted.
INFO:Bridge:WS [DISCONNECT] Client closed connection.
INFO:     connection closed
INFO:Bridge:WS [REQUEST] Origin: http://localhost:5173 | Path: /bridge/ws
INFO:     127.0.0.1:52760 - "WebSocket /bridge/ws" [accepted]
INFO:     connection open
INFO:Bridge:WS [ESTABLISHED] Handshake accepted.
